Arguments: 
  C:\Program Files\nodejs\node.exe C:\Users\User\AppData\Roaming\npm\node_modules\yarn\bin\yarn.js

PATH: 
  C:\Windows\system32;C:\Windows;C:\Windows\System32\Wbem;C:\Windows\System32\WindowsPowerShell\v1.0\;C:\Windows\System32\OpenSSH\;C:\Program Files\nodejs\;C:\Program Files\Microsoft SQL Server\Client SDK\ODBC\170\Tools\Binn\;C:\Program Files\Microsoft SQL Server\150\Tools\Binn\;C:\Program Files\dotnet\;C:\Program Files (x86)\Microsoft SQL Server\150\Tools\Binn\;C:\Program Files\Microsoft SQL Server\150\DTS\Binn\;C:\Program Files (x86)\Microsoft SQL Server\150\DTS\Binn\;C:\Program Files\Azure Data Studio\bin;C:\Program Files\PowerShell\7\;C:\Users\User\AppData\Local\Programs\Python\Python310\Scripts\;C:\Users\User\AppData\Local\Programs\Python\Python310\;C:\Users\User\AppData\Local\Microsoft\WindowsApps;C:\Users\User\AppData\Roaming\npm;C:\Users\User\AppData\Local\Programs\Microsoft VS Code\bin;C:\Users\User\.dotnet\tools;C:\Program Files\MongoDB\Server\4.4\bin;C:\Users\User\AppData\Local\GitHubDesktop\bin;C:\Program Files\JetBrains\PyCharm 2021.2.2\bin

Yarn version: 
  1.22.17

Node version: 
  14.15.1

Platform: 
  win32 x64

Trace: 
  Error: https://registry.yarnpkg.com/react-native/-/react-native-0.64.2.tgz: ESOCKETTIMEDOUT
      at ClientRequest.<anonymous> (C:\Users\User\AppData\Roaming\npm\node_modules\yarn\lib\cli.js:141510:19)
      at Object.onceWrapper (events.js:421:28)
      at ClientRequest.emit (events.js:315:20)
      at TLSSocket.emitRequestTimeout (_http_client.js:784:9)
      at Object.onceWrapper (events.js:421:28)
      at TLSSocket.emit (events.js:327:22)
      at TLSSocket.Socket._onTimeout (net.js:483:8)
      at listOnTimeout (internal/timers.js:554:17)
      at processTimers (internal/timers.js:497:7)

npm manifest: 
  {
    "dependencies": {
      "@expo/vector-icons": "^12.0.5",
      "@react-native-async-storage/async-storage": "^1.15.11",
      "@react-navigation/bottom-tabs": "^6.0.9",
      "@react-navigation/material-bottom-tabs": "^6.0.9",
      "@react-navigation/native": "^6.0.6",
      "@react-navigation/native-stack": "^6.2.5",
      "@react-navigation/stack": "^6.0.11",
      "add": "^2.0.6",
      "expo": "^43.0.0",
      "expo-app-loading": "~1.2.1",
      "expo-constants": "~12.1.3",
      "expo-font": "~10.0.3",
      "expo-notifications": "^0.13.3",
      "expo-permissions": "^13.0.3",
      "react": "17.0.1",
      "react-dom": "17.0.1",
      "react-native": "0.64.2",
      "react-native-animatable": "^1.3.3",
      "react-native-elements": "^3.4.2",
      "react-native-gesture-handler": "^1.10.3",
      "react-native-paper": "^4.10.0",
      "react-native-reanimated": "^2.2.4",
      "react-native-safe-area-context": "3.3.2",
      "react-native-safe-area-view": "^1.1.1",
      "react-native-screens": "~3.8.0",
      "react-native-web": "0.17.1",
      "react-navigation": "^4.4.4",
      "react-navigation-stack": "^2.10.4",
      "react-navigation-tabs": "^2.11.1",
      "react-redux": "^7.2.6",
      "redux": "^4.1.2",
      "redux-logger": "^3.0.6",
      "redux-thunk": "^2.4.0",
      "yarn": "^1.22.17"
    },
    "devDependencies": {
      "@babel/core": "^7.12.9"
    },
    "scripts": {
      "start": "expo start",
      "android": "expo start --android",
      "ios": "expo start --ios",
      "web": "expo start --web",
      "eject": "expo eject"
    },
    "private": true
  }

yarn manifest: 
  No manifest

Lockfile: 
  No lockfile
